<?xml version="1.0" encoding="UTF-8"?>
<testng-results skipped="0" failed="0" total="1" passed="1">
  <reporter-output>
  </reporter-output>
  <suite name="Default suite" duration-ms="13840" started-at="2014-01-24T14:43:43Z" finished-at="2014-01-24T14:43:57Z">
    <groups>
    </groups>
    <test name="Default test" duration-ms="13840" started-at="2014-01-24T14:43:43Z" finished-at="2014-01-24T14:43:57Z">
      <class name="com.cucumber.salesforce.login.GmailLogin">
        <test-method status="PASS" signature="gmail()[pri:0, instance:com.cucumber.salesforce.login.GmailLogin@1b8d6f7]" name="gmail" duration-ms="13820" started-at="2014-01-24T08:43:43Z" finished-at="2014-01-24T08:43:57Z">
          <reporter-output>
          </reporter-output>
        </test-method> <!-- gmail -->
      </class> <!-- com.cucumber.salesforce.login.GmailLogin -->
    </test> <!-- Default test -->
  </suite> <!-- Default suite -->
</testng-results>
