<?xml version="1.0" encoding="UTF-8"?><testsuite failures="0" tests="5">
<testcase classname="Testing on Lead tab" name="Create lead in the sales force application_2" time="3.877827">
<skipped><![CDATA[Given I logged in "Mozilla".........................................................passed
Then "leadtab" element should be present..................................................undefined
And I click on "leadtab"..........................................................undefined
And I click on "newbutton".........................................................undefined
]]></skipped>
</testcase>
<testcase classname="Testing on Lead tab" name="Create lead in the sales force application_1" time="0.000256">
<skipped><![CDATA[Given I logged in "Mozilla".........................................................passed
Then "leadtab" element should be present..................................................undefined
And I click on "leadtab"..........................................................undefined
And I click on "newbutton".........................................................undefined
]]></skipped>
</testcase>
<testcase classname="Logging into Saleforce" name="Logging in salesforce_1" time="16.376729">
<skipped><![CDATA[Given I go to "Login_URL" on "chrome"....................................................passed
And I enter "uname" as "govardhan.selenium@gmail.com"............................................undefined
And I enter "pass" as "test@1234"......................................................undefined
And I click on "login_button"........................................................undefined
Then Login should be "Success".......................................................undefined
]]></skipped>
</testcase>
<testcase classname="To check the top menu options in the sales force application." name="Testing top menu_2" time="0.000371">
<skipped><![CDATA[Given I logged in "Mozilla".........................................................passed
Then All tabs should be present.......................................................undefined
When I click on "hometab"..........................................................undefined
Then "VerifyObject" element should be present................................................undefined
]]></skipped>
</testcase>
<testcase classname="To check the top menu options in the sales force application." name="Testing top menu_1" time="0.000415">
<skipped><![CDATA[Given I logged in "Mozilla".........................................................passed
Then All tabs should be present.......................................................undefined
When I click on "leadtab"..........................................................undefined
Then "VerifyObject" element should be present................................................undefined
]]></skipped>
</testcase>
</testsuite>
