<?xml version="1.0" encoding="UTF-8"?><testsuite failures="0" tests="1">
<testcase classname="Logging into Saleforce" name="Logging in salesforce_1" time="19.26276">
<skipped><![CDATA[Given I go to "Login_URL" on "chrome"....................................................passed
And I enter "uname" as "govardhan.selenium@gmail.com"............................................undefined
And I enter "pass" as "test@1234"......................................................undefined
And I click on "login_button"........................................................undefined
Then Login should be "Success".......................................................undefined
]]></skipped>
</testcase>
</testsuite>
